<?xml version="1.0" encoding="UTF-8"?>
<testsuite name="org.itmo.testing.lab2.integration.UserAnalyticsIntegrationTest" tests="3" skipped="0" failures="0" errors="0" timestamp="2025-03-24T21:43:55" hostname="rukatonoshi-iv" time="0.043">
  <properties/>
  <testcase name="Тест регистрации пользователя" classname="org.itmo.testing.lab2.integration.UserAnalyticsIntegrationTest" time="0.012"/>
  <testcase name="Тест записи сессии" classname="org.itmo.testing.lab2.integration.UserAnalyticsIntegrationTest" time="0.014"/>
  <testcase name="Тест получения общего времени активности" classname="org.itmo.testing.lab2.integration.UserAnalyticsIntegrationTest" time="0.016"/>
  <system-out><![CDATA[]]></system-out>
  <system-err><![CDATA[[Test worker] INFO io.javalin.Javalin - Starting Javalin ...
[Test worker] INFO org.eclipse.jetty.server.Server - jetty-11.0.24; built: 2024-08-26T18:11:22.448Z; git: 5dfc59a691b748796f922208956bd1f2794bcd16; jvm 21.0.6+7
[Test worker] INFO org.eclipse.jetty.server.session.DefaultSessionIdManager - Session workerName=node0
[Test worker] INFO org.eclipse.jetty.server.handler.ContextHandler - Started o.e.j.s.ServletContextHandler@66f2ec1c{/,null,AVAILABLE}
[Test worker] INFO org.eclipse.jetty.server.AbstractConnector - Started ServerConnector@20b54cfe{HTTP/1.1, (http/1.1)}{0.0.0.0:7000}
[Test worker] INFO org.eclipse.jetty.server.Server - Started Server@3a588b5f{STARTING}[11.0.24,sto=0] @2921ms
[Test worker] INFO io.javalin.Javalin - 
       __                  ___           _____
      / /___ __   ______ _/ (_)___      / ___/
 __  / / __ `/ | / / __ `/ / / __ \    / __ \
/ /_/ / /_/ /| |/ / /_/ / / / / / /   / /_/ /
\____/\__,_/ |___/\__,_/_/_/_/ /_/    \____/

       https://javalin.io/documentation

[Test worker] INFO io.javalin.Javalin - Javalin started in 6ms \o/
[Test worker] INFO io.javalin.Javalin - Listening on http://localhost:7000/
[Test worker] INFO io.javalin.Javalin - You are running Javalin 6.4.0 (released December 17, 2024).
[Test worker] INFO io.javalin.Javalin - Stopping Javalin ...
[Test worker] INFO org.eclipse.jetty.server.Server - Stopped Server@3a588b5f{STOPPING}[11.0.24,sto=0]
[Test worker] INFO org.eclipse.jetty.server.AbstractConnector - Stopped ServerConnector@20b54cfe{HTTP/1.1, (http/1.1)}{0.0.0.0:7000}
[Test worker] INFO org.eclipse.jetty.server.handler.ContextHandler - Stopped o.e.j.s.ServletContextHandler@66f2ec1c{/,null,STOPPED}
[Test worker] INFO io.javalin.Javalin - Javalin has stopped
]]></system-err>
</testsuite>
